  Array.cpp
W:\OOP\Lab_6_1\Lab_6_1\Array.h(24,7): warning C4290: спецификация исключений C++ игнорируется, кроме случая, когда указывается, что функция не является __declspec(nothrow)
W:\OOP\Lab_6_1\Lab_6_1\Array.h(25,7): warning C4290: спецификация исключений C++ игнорируется, кроме случая, когда указывается, что функция не является __declspec(nothrow)
W:\OOP\Lab_6_1\Lab_6_1\Array.h(26,7): warning C4290: спецификация исключений C++ игнорируется, кроме случая, когда указывается, что функция не является __declspec(nothrow)
W:\OOP\Lab_6_1\Lab_6_1\Array.h(27,7): warning C4290: спецификация исключений C++ игнорируется, кроме случая, когда указывается, что функция не является __declspec(nothrow)
W:\OOP\Lab_6_1\Lab_6_1\Array.h(39,48): warning C4290: спецификация исключений C++ игнорируется, кроме случая, когда указывается, что функция не является __declspec(nothrow)
W:\OOP\Lab_6_1\Lab_6_1\Array.h(41,52): warning C4290: спецификация исключений C++ игнорируется, кроме случая, когда указывается, что функция не является __declspec(nothrow)
W:\OOP\Lab_6_1\Lab_6_1\Array.h(42,64): warning C4290: спецификация исключений C++ игнорируется, кроме случая, когда указывается, что функция не является __declspec(nothrow)
W:\OOP\Lab_6_1\Lab_6_1\Array.cpp(8,74): warning C4290: спецификация исключений C++ игнорируется, кроме случая, когда указывается, что функция не является __declspec(nothrow)
W:\OOP\Lab_6_1\Lab_6_1\Array.cpp(17,90): warning C4290: спецификация исключений C++ игнорируется, кроме случая, когда указывается, что функция не является __declspec(nothrow)
W:\OOP\Lab_6_1\Lab_6_1\Array.cpp(30,92): warning C4290: спецификация исключений C++ игнорируется, кроме случая, когда указывается, что функция не является __declspec(nothrow)
W:\OOP\Lab_6_1\Lab_6_1\Array.cpp(43,45): warning C4290: спецификация исключений C++ игнорируется, кроме случая, когда указывается, что функция не является __declspec(nothrow)
W:\OOP\Lab_6_1\Lab_6_1\Array.cpp(68,72): warning C4290: спецификация исключений C++ игнорируется, кроме случая, когда указывается, что функция не является __declspec(nothrow)
W:\OOP\Lab_6_1\Lab_6_1\Array.cpp(76,84): warning C4290: спецификация исключений C++ игнорируется, кроме случая, когда указывается, что функция не является __declspec(nothrow)
W:\OOP\Lab_6_1\Lab_6_1\Array.cpp(83,55): warning C4290: спецификация исключений C++ игнорируется, кроме случая, когда указывается, что функция не является __declspec(nothrow)
W:\OOP\Lab_6_1\Lab_6_1\Array.cpp(124,47): warning C4244: аргумент: преобразование "const double" в "const Array::size_type", возможна потеря данных
  Source.cpp
W:\OOP\Lab_6_1\Lab_6_1\Array.h(24,7): warning C4290: спецификация исключений C++ игнорируется, кроме случая, когда указывается, что функция не является __declspec(nothrow)
W:\OOP\Lab_6_1\Lab_6_1\Array.h(25,7): warning C4290: спецификация исключений C++ игнорируется, кроме случая, когда указывается, что функция не является __declspec(nothrow)
W:\OOP\Lab_6_1\Lab_6_1\Array.h(26,7): warning C4290: спецификация исключений C++ игнорируется, кроме случая, когда указывается, что функция не является __declspec(nothrow)
W:\OOP\Lab_6_1\Lab_6_1\Array.h(27,7): warning C4290: спецификация исключений C++ игнорируется, кроме случая, когда указывается, что функция не является __declspec(nothrow)
W:\OOP\Lab_6_1\Lab_6_1\Array.h(39,48): warning C4290: спецификация исключений C++ игнорируется, кроме случая, когда указывается, что функция не является __declspec(nothrow)
W:\OOP\Lab_6_1\Lab_6_1\Array.h(41,52): warning C4290: спецификация исключений C++ игнорируется, кроме случая, когда указывается, что функция не является __declspec(nothrow)
W:\OOP\Lab_6_1\Lab_6_1\Array.h(42,64): warning C4290: спецификация исключений C++ игнорируется, кроме случая, когда указывается, что функция не является __declspec(nothrow)
  Создание кода...
W:\OOP\Lab_6_1\Lab_6_1\Array.cpp(82): warning C4715: Array::operator[]: значение возвращается не при всех путях выполнения
  Lab_6_1.vcxproj -> W:\OOP\Lab_6_1\Debug\Lab_6_1.exe
